build/app/intermediates/manifest_merge_blame_file/release/manifest-merger-blame-release-report.txt
1<?xml version="1.0" encoding="utf-8"?>
2<manifest xmlns:android="http://schemas.android.com/apk/res/android"
3    package="com.roninreturns.thercast"
4    android:versionCode="4001"
5    android:versionName="1.0.0" >
6
7    <uses-sdk
8        android:minSdkVersion="16"
8-->src\main\AndroidManifest.xml
9        android:targetSdkVersion="28" />
9-->src\main\AndroidManifest.xml
10    <!--
11         io.flutter.app.FlutterApplication is an android.app.Application that
12         calls FlutterMain.startInitialization(this); in its onCreate method.
13         In most cases you can leave this as-is, but you if you want to provide
14         additional functionality it is fine to subclass or reimplement
15         FlutterApplication and put your custom class here.
16    -->
17
18    <uses-permission android:name="android.permission.INTERNET" />
18-->src\main\AndroidManifest.xml:9:5-67
18-->src\main\AndroidManifest.xml:9:22-64
19    <uses-permission android:name="android.permission.ACCESS_NETWORK_STATE" />
19-->src\main\AndroidManifest.xml:10:5-79
19-->src\main\AndroidManifest.xml:10:22-76
20
21    <application
21-->src\main\AndroidManifest.xml:12:5-33:19
22        android:name="io.flutter.app.FlutterApplication"
22-->src\main\AndroidManifest.xml:13:9-57
23        android:appComponentFactory="androidx.core.app.CoreComponentFactory"
23-->[androidx.core:core:1.0.0] AndroidManifest.xml:22:18-86
24        android:icon="@mipmap/ic_launcher"
24-->src\main\AndroidManifest.xml:15:9-43
25        android:label="thercast" >
25-->src\main\AndroidManifest.xml:14:9-33
26        <activity
26-->src\main\AndroidManifest.xml:16:9-27:20
27            android:name="com.roninreturns.thercast.MainActivity"
27-->src\main\AndroidManifest.xml:17:13-41
28            android:configChanges="orientation|keyboardHidden|keyboard|screenSize|smallestScreenSize|locale|layoutDirection|fontScale|screenLayout|density|uiMode"
28-->src\main\AndroidManifest.xml:20:13-163
29            android:hardwareAccelerated="true"
29-->src\main\AndroidManifest.xml:21:13-47
30            android:launchMode="singleTop"
30-->src\main\AndroidManifest.xml:18:13-43
31            android:theme="@style/LaunchTheme"
31-->src\main\AndroidManifest.xml:19:13-47
32            android:windowSoftInputMode="adjustResize" >
32-->src\main\AndroidManifest.xml:22:13-55
33            <intent-filter>
33-->src\main\AndroidManifest.xml:23:13-26:29
34                <action android:name="android.intent.action.MAIN" />
34-->src\main\AndroidManifest.xml:24:17-68
34-->src\main\AndroidManifest.xml:24:25-66
35
36                <category android:name="android.intent.category.LAUNCHER" />
36-->src\main\AndroidManifest.xml:25:17-76
36-->src\main\AndroidManifest.xml:25:27-74
37            </intent-filter>
38        </activity>
39        <!--
40             Don't delete the meta-data below.
41             This is used by the Flutter tool to generate GeneratedPluginRegistrant.java
42        -->
43        <meta-data
43-->src\main\AndroidManifest.xml:30:9-32:33
44            android:name="flutterEmbedding"
44-->src\main\AndroidManifest.xml:31:13-44
45            android:value="2" />
45-->src\main\AndroidManifest.xml:32:13-30
46    </application>
47
48</manifest>